06/28/14 07:24:04  - Building message catalogs...
06/28/14 07:24:04  - Building Linux x86 install...  
06/28/14 07:24:04  - Building main.tcl...
06/28/14 07:24:04  - Refreshing file groups...
06/28/14 07:24:04  - Getting file list...
06/28/14 07:24:05  - Building file manifest...
06/28/14 07:24:05  - Saving install information...
06/28/14 07:24:05  - Building install...
06/28/14 07:24:05  - Building install executable...
06/28/14 07:24:11  - Linux x86 build completed in 00m07s.
06/28/14 07:24:11  - Installer size is 29.63 MB.
06/28/14 07:24:11  - Building Linux x86 64 install...  
06/28/14 07:24:11  - Building main.tcl...
06/28/14 07:24:11  - Getting file list...
06/28/14 07:24:11  - Building file manifest...
06/28/14 07:24:11  - Saving install information...
06/28/14 07:24:11  - Building install...
06/28/14 07:24:12  - Building install executable...
06/28/14 07:24:12  - Build stopped by user.
06/28/14 07:24:30  - Building message catalogs...
06/28/14 07:24:30  - Building Linux x86 install...  
06/28/14 07:24:30  - Building main.tcl...
06/28/14 07:24:30  - Refreshing file groups...
06/28/14 07:24:30  - Getting file list...
06/28/14 07:24:30  - Building file manifest...
06/28/14 07:24:30  - Saving install information...
06/28/14 07:24:31  - Building install...
06/28/14 07:24:31  - Building install executable...
06/28/14 07:24:36  - Linux x86 build completed in 00m06s.
06/28/14 07:24:36  - Installer size is 29.63 MB.
06/28/14 07:24:36  - Building Linux x86 64 install...  
06/28/14 07:24:36  - Building main.tcl...
06/28/14 07:24:36  - Getting file list...
06/28/14 07:24:36  - Building file manifest...
06/28/14 07:24:36  - Saving install information...
06/28/14 07:24:36  - Building install...
06/28/14 07:24:36  - Building install executable...
06/28/14 07:24:41  - Linux x86 64 build completed in 00m05s.
06/28/14 07:24:41  - Installer size is 29.66 MB.
06/28/14 07:24:41  - Building tar archive...
06/28/14 07:24:41  - Getting file list...
06/28/14 07:24:48  - Gzipping tar archive...
06/28/14 07:24:51  - Tar Archive build completed in 00m10s.
06/28/14 07:24:51  - Installer size is 28.13 MB.
06/28/14 07:24:51  - Building zip archive...
06/28/14 07:24:51  - Getting file list...
06/28/14 07:25:01  - Zip Archive build completed in 00m10s.
06/28/14 07:25:01  - Installer size is 28.20 MB.
06/28/14 07:25:01  - Build completed in 00m31s.
06/28/14 07:47:21  - Building message catalogs...
06/28/14 07:47:21  - Building Linux x86 install...  
06/28/14 07:47:21  - Building main.tcl...
06/28/14 07:47:21  - Refreshing file groups...
06/28/14 07:47:21  - Getting file list...
06/28/14 07:47:22  - Building file manifest...
06/28/14 07:47:22  - Saving install information...
06/28/14 07:47:22  - Building install...
06/28/14 07:47:22  - Building install executable...
06/28/14 07:47:27  - Linux x86 build completed in 00m06s.
06/28/14 07:47:27  - Installer size is 29.63 MB.
06/28/14 07:47:27  - Building Linux x86 64 install...  
06/28/14 07:47:27  - Building main.tcl...
06/28/14 07:47:27  - Getting file list...
06/28/14 07:47:28  - Building file manifest...
06/28/14 07:47:28  - Saving install information...
06/28/14 07:47:28  - Building install...
06/28/14 07:47:28  - Building install executable...
06/28/14 07:47:33  - Linux x86 64 build completed in 00m06s.
06/28/14 07:47:33  - Installer size is 29.67 MB.
06/28/14 07:47:33  - Building tar archive...
06/28/14 07:47:33  - Getting file list...
06/28/14 07:47:41  - Gzipping tar archive...
06/28/14 07:47:43  - Tar Archive build completed in 00m10s.
06/28/14 07:47:43  - Installer size is 28.13 MB.
06/28/14 07:47:43  - Building zip archive...
06/28/14 07:47:43  - Getting file list...
06/28/14 07:47:53  - Zip Archive build completed in 00m10s.
06/28/14 07:47:53  - Installer size is 28.20 MB.
06/28/14 07:47:53  - Build completed in 00m32s.
06/28/14 07:54:10  - Building message catalogs...
06/28/14 07:54:10  - Building Linux x86 install...  
06/28/14 07:54:10  - Building main.tcl...
06/28/14 07:54:10  - Refreshing file groups...
06/28/14 07:54:10  - Getting file list...
06/28/14 07:54:11  - Building file manifest...
06/28/14 07:54:11  - Saving install information...
06/28/14 07:54:11  - Building install...
06/28/14 07:54:11  - Building install executable...
06/28/14 07:54:16  - Linux x86 build completed in 00m06s.
06/28/14 07:54:16  - Installer size is 29.63 MB.
06/28/14 07:54:16  - Building Linux x86 64 install...  
06/28/14 07:54:16  - Building main.tcl...
06/28/14 07:54:16  - Getting file list...
06/28/14 07:54:16  - Building file manifest...
06/28/14 07:54:16  - Saving install information...
06/28/14 07:54:17  - Building install...
06/28/14 07:54:17  - Building install executable...
06/28/14 07:54:24  - Linux x86 64 build completed in 00m08s.
06/28/14 07:54:24  - Installer size is 29.67 MB.
06/28/14 07:54:24  - Building tar archive...
06/28/14 07:54:24  - Getting file list...
06/28/14 07:54:31  - Gzipping tar archive...
06/28/14 07:54:34  - Tar Archive build completed in 00m10s.
06/28/14 07:54:34  - Installer size is 28.13 MB.
06/28/14 07:54:34  - Building zip archive...
06/28/14 07:54:34  - Getting file list...
06/28/14 07:54:43  - Zip Archive build completed in 00m09s.
06/28/14 07:54:43  - Installer size is 28.20 MB.
06/28/14 07:54:43  - Build completed in 00m33s.
06/28/14 08:00:09  - Building message catalogs...
06/28/14 08:00:09  - Building Linux x86 install...  
06/28/14 08:00:09  - Building main.tcl...
06/28/14 08:00:09  - Refreshing file groups...
06/28/14 08:00:09  - Getting file list...
06/28/14 08:00:09  - Building file manifest...
06/28/14 08:00:10  - Saving install information...
06/28/14 08:00:10  - Building install...
06/28/14 08:00:10  - Building install executable...
06/28/14 08:00:12  - Linux x86 build completed in 00m03s.
06/28/14 08:00:12  - Installer size is 18.61 MB.
06/28/14 08:00:12  - Building Linux x86 64 install...  
06/28/14 08:00:12  - Building main.tcl...
06/28/14 08:00:12  - Getting file list...
06/28/14 08:00:12  - Building file manifest...
06/28/14 08:00:12  - Saving install information...
06/28/14 08:00:12  - Building install...
06/28/14 08:00:12  - Building install executable...
06/28/14 08:00:15  - Linux x86 64 build completed in 00m03s.
06/28/14 08:00:15  - Installer size is 18.64 MB.
06/28/14 08:00:15  - Building tar archive...
06/28/14 08:00:15  - Getting file list...
06/28/14 08:00:18  - Gzipping tar archive...
06/28/14 08:00:20  - Tar Archive build completed in 00m05s.
06/28/14 08:00:20  - Installer size is 17.25 MB.
06/28/14 08:00:20  - Building zip archive...
06/28/14 08:00:20  - Getting file list...
06/28/14 08:00:24  - Zip Archive build completed in 00m04s.
06/28/14 08:00:24  - Installer size is 17.26 MB.
06/28/14 08:00:24  - Build completed in 00m15s.
06/28/14 08:07:49  - Building message catalogs...
06/28/14 08:07:49  - Building Linux x86 install...  
06/28/14 08:07:49  - Building main.tcl...
06/28/14 08:07:49  - Refreshing file groups...
06/28/14 08:07:49  - Getting file list...
06/28/14 08:07:49  - Building file manifest...
06/28/14 08:07:49  - Saving install information...
06/28/14 08:07:49  - Building install...
06/28/14 08:07:49  - Building install executable...
06/28/14 08:07:51  - Linux x86 build completed in 00m02s.
06/28/14 08:07:51  - Installer size is 18.61 MB.
06/28/14 08:07:51  - Building Linux x86 64 install...  
06/28/14 08:07:51  - Building main.tcl...
06/28/14 08:07:51  - Getting file list...
06/28/14 08:07:51  - Building file manifest...
06/28/14 08:07:52  - Saving install information...
06/28/14 08:07:52  - Building install...
06/28/14 08:07:52  - Building install executable...
06/28/14 08:07:54  - Linux x86 64 build completed in 00m03s.
06/28/14 08:07:54  - Installer size is 18.64 MB.
06/28/14 08:07:54  - Building tar archive...
06/28/14 08:07:54  - Getting file list...
06/28/14 08:07:57  - Gzipping tar archive...
06/28/14 08:07:58  - Tar Archive build completed in 00m04s.
06/28/14 08:07:58  - Installer size is 17.25 MB.
06/28/14 08:07:58  - Building zip archive...
06/28/14 08:07:58  - Getting file list...
06/28/14 08:08:03  - Zip Archive build completed in 00m05s.
06/28/14 08:08:03  - Installer size is 17.26 MB.
06/28/14 08:08:03  - Build completed in 00m14s.
06/28/14 08:08:36  - Building message catalogs...
06/28/14 08:08:36  - Building Linux x86 install...  
06/28/14 08:08:36  - Building main.tcl...
06/28/14 08:08:36  - Refreshing file groups...
06/28/14 08:08:36  - Getting file list...
06/28/14 08:08:36  - Building file manifest...
06/28/14 08:08:36  - Saving install information...
06/28/14 08:08:36  - Building install...
06/28/14 08:08:36  - Building install executable...
06/28/14 08:08:38  - Linux x86 build completed in 00m02s.
06/28/14 08:08:38  - Installer size is 18.61 MB.
06/28/14 08:08:38  - Building Linux x86 64 install...  
06/28/14 08:08:38  - Building main.tcl...
06/28/14 08:08:38  - Getting file list...
06/28/14 08:08:38  - Building file manifest...
06/28/14 08:08:38  - Saving install information...
06/28/14 08:08:39  - Building install...
06/28/14 08:08:39  - Building install executable...
06/28/14 08:08:41  - Linux x86 64 build completed in 00m03s.
06/28/14 08:08:41  - Installer size is 18.64 MB.
06/28/14 08:08:41  - Building tar archive...
06/28/14 08:08:41  - Getting file list...
06/28/14 08:08:44  - Gzipping tar archive...
06/28/14 08:08:45  - Tar Archive build completed in 00m04s.
06/28/14 08:08:45  - Installer size is 17.25 MB.
06/28/14 08:08:45  - Building zip archive...
06/28/14 08:08:45  - Getting file list...
06/28/14 08:08:49  - Zip Archive build completed in 00m04s.
06/28/14 08:08:49  - Installer size is 17.26 MB.
06/28/14 08:08:49  - Build completed in 00m13s.
